
===========================================================================
report_checks -unconstrained
===========================================================================
======================= Fastest Corner ===================================

Startpoint: rst_n (input port clocked by clk)
Endpoint: _1842_ (recovery check against rising-edge clock clk)
Path Group: asynchronous
Path Type: max
Corner: Fastest

Fanout     Cap    Slew   Delay    Time   Description
-----------------------------------------------------------------------------
                  0.00    0.00    0.00   clock clk (rise edge)
                          0.00    0.00   clock network delay (ideal)
                          0.00    0.00 ^ input external delay
                  0.00    0.00    0.00 ^ rst_n (in)
     2    0.01                           rst_n (net)
                  0.00    0.00    0.00 ^ hold3/A (sky130_fd_sc_hd__dlygate4sd3_1)
                  0.04    0.37    0.37 ^ hold3/X (sky130_fd_sc_hd__dlygate4sd3_1)
     1    0.00                           net95 (net)
                  0.04    0.00    0.37 ^ hold1/A (sky130_fd_sc_hd__dlygate4sd3_1)
                  0.05    0.39    0.76 ^ hold1/X (sky130_fd_sc_hd__dlygate4sd3_1)
     1    0.01                           net93 (net)
                  0.05    0.00    0.76 ^ input65/A (sky130_fd_sc_hd__buf_6)
                  0.09    0.11    0.87 ^ input65/X (sky130_fd_sc_hd__buf_6)
    10    0.06                           net65 (net)
                  0.09    0.00    0.87 ^ load_slew90/A (sky130_fd_sc_hd__buf_12)
                  0.41    0.29    1.17 ^ load_slew90/X (sky130_fd_sc_hd__buf_12)
   156    0.48                           net90 (net)
                  0.41    0.01    1.18 ^ load_slew89/A (sky130_fd_sc_hd__buf_12)
                  0.40    0.29    1.47 ^ load_slew89/X (sky130_fd_sc_hd__buf_12)
   152    0.47                           net89 (net)
                  0.42    0.08    1.55 ^ _1842_/RESET_B (sky130_fd_sc_hd__dfrtp_2)
                                  1.55   data arrival time

                  0.00   10.00   10.00   clock clk (rise edge)
                          0.00   10.00   clock network delay (ideal)
                          0.00   10.00   clock reconvergence pessimism
                                 10.00 ^ _1842_/CLK (sky130_fd_sc_hd__dfrtp_2)
                          0.03   10.03   library recovery time
                                 10.03   data required time
-----------------------------------------------------------------------------
                                 10.03   data required time
                                 -1.55   data arrival time
-----------------------------------------------------------------------------
                                  8.48   slack (MET)


Startpoint: _2014_ (rising edge-triggered flip-flop clocked by clk)
Endpoint: _2023_ (rising edge-triggered flip-flop clocked by clk)
Path Group: clk
Path Type: max
Corner: Fastest

Fanout     Cap    Slew   Delay    Time   Description
-----------------------------------------------------------------------------
                  0.00    0.00    0.00   clock clk (rise edge)
                          0.00    0.00   clock network delay (ideal)
                  0.00    0.00    0.00 ^ _2014_/CLK (sky130_fd_sc_hd__dfrtp_1)
                  0.06    0.25    0.25 v _2014_/Q (sky130_fd_sc_hd__dfrtp_1)
     2    0.01                           u_monitor.group_s2[0][1] (net)
                  0.06    0.00    0.25 v _1366_/A (sky130_fd_sc_hd__xor2_2)
                  0.05    0.13    0.38 v _1366_/X (sky130_fd_sc_hd__xor2_2)
     2    0.01                           _0364_ (net)
                  0.05    0.00    0.38 v _1368_/A3 (sky130_fd_sc_hd__a31oi_2)
                  0.15    0.17    0.55 ^ _1368_/Y (sky130_fd_sc_hd__a31oi_2)
     2    0.01                           _0366_ (net)
                  0.15    0.00    0.55 ^ _1415_/A1 (sky130_fd_sc_hd__o21ba_1)
                  0.11    0.15    0.70 ^ _1415_/X (sky130_fd_sc_hd__o21ba_1)
     2    0.01                           _0412_ (net)
                  0.11    0.00    0.70 ^ _1416_/B (sky130_fd_sc_hd__xor2_2)
                  0.14    0.14    0.84 ^ _1416_/X (sky130_fd_sc_hd__xor2_2)
     2    0.01                           _0413_ (net)
                  0.14    0.00    0.84 ^ _1417_/B (sky130_fd_sc_hd__xor2_2)
                  0.14    0.13    0.97 ^ _1417_/X (sky130_fd_sc_hd__xor2_2)
     2    0.01                           _0414_ (net)
                  0.14    0.00    0.97 ^ _1418_/B (sky130_fd_sc_hd__xnor2_2)
                  0.15    0.10    1.07 ^ _1418_/Y (sky130_fd_sc_hd__xnor2_2)
     2    0.01                           _0415_ (net)
                  0.15    0.00    1.07 ^ _1420_/A (sky130_fd_sc_hd__xor2_2)
                  0.14    0.14    1.20 ^ _1420_/X (sky130_fd_sc_hd__xor2_2)
     2    0.01                           _0417_ (net)
                  0.14    0.00    1.20 ^ _1421_/B (sky130_fd_sc_hd__xor2_2)
                  0.14    0.13    1.34 ^ _1421_/X (sky130_fd_sc_hd__xor2_2)
     2    0.01                           _0418_ (net)
                  0.14    0.00    1.34 ^ _1424_/A (sky130_fd_sc_hd__xnor2_2)
                  0.06    0.07    1.40 v _1424_/Y (sky130_fd_sc_hd__xnor2_2)
     2    0.01                           _0421_ (net)
                  0.06    0.00    1.40 v _1425_/B (sky130_fd_sc_hd__xnor2_2)
                  0.05    0.10    1.51 v _1425_/Y (sky130_fd_sc_hd__xnor2_2)
     2    0.01                           _0422_ (net)
                  0.05    0.00    1.51 v _1428_/A (sky130_fd_sc_hd__xnor2_2)
                  0.06    0.11    1.62 v _1428_/Y (sky130_fd_sc_hd__xnor2_2)
     2    0.01                           _0425_ (net)
                  0.06    0.00    1.62 v _1429_/B (sky130_fd_sc_hd__xnor2_2)
                  0.16    0.15    1.77 ^ _1429_/Y (sky130_fd_sc_hd__xnor2_2)
     2    0.01                           _0426_ (net)
                  0.16    0.00    1.77 ^ _1455_/A_N (sky130_fd_sc_hd__and2b_1)
                  0.02    0.11    1.88 v _1455_/X (sky130_fd_sc_hd__and2b_1)
     1    0.00                           _0451_ (net)
                  0.02    0.00    1.88 v _1456_/B1_N (sky130_fd_sc_hd__o21bai_2)
                  0.06    0.12    2.00 v _1456_/Y (sky130_fd_sc_hd__o21bai_2)
     3    0.01                           _0452_ (net)
                  0.06    0.00    2.00 v _1469_/A2 (sky130_fd_sc_hd__a311o_1)
                  0.04    0.20    2.20 v _1469_/X (sky130_fd_sc_hd__a311o_1)
     1    0.00                           _0198_ (net)
                  0.04    0.00    2.20 v _2023_/D (sky130_fd_sc_hd__dfrtp_1)
                                  2.20   data arrival time

                  0.00   10.00   10.00   clock clk (rise edge)
                          0.00   10.00   clock network delay (ideal)
                          0.00   10.00   clock reconvergence pessimism
                                 10.00 ^ _2023_/CLK (sky130_fd_sc_hd__dfrtp_1)
                         -0.08    9.92   library setup time
                                  9.92   data required time
-----------------------------------------------------------------------------
                                  9.92   data required time
                                 -2.20   data arrival time
-----------------------------------------------------------------------------
                                  7.73   slack (MET)



======================= Slowest Corner ===================================

Startpoint: rst_n (input port clocked by clk)
Endpoint: _1842_ (recovery check against rising-edge clock clk)
Path Group: asynchronous
Path Type: max
Corner: Slowest

Fanout     Cap    Slew   Delay    Time   Description
-----------------------------------------------------------------------------
                  0.00    0.00    0.00   clock clk (rise edge)
                          0.00    0.00   clock network delay (ideal)
                          0.00    0.00 ^ input external delay
                  0.00    0.00    0.00 ^ rst_n (in)
     2    0.01                           rst_n (net)
                  0.00    0.00    0.00 ^ hold3/A (sky130_fd_sc_hd__dlygate4sd3_1)
                  0.10    1.02    1.02 ^ hold3/X (sky130_fd_sc_hd__dlygate4sd3_1)
     1    0.00                           net95 (net)
                  0.10    0.00    1.02 ^ hold1/A (sky130_fd_sc_hd__dlygate4sd3_1)
                  0.12    1.09    2.11 ^ hold1/X (sky130_fd_sc_hd__dlygate4sd3_1)
     1    0.01                           net93 (net)
                  0.12    0.00    2.11 ^ input65/A (sky130_fd_sc_hd__buf_6)
                  0.19    0.30    2.40 ^ input65/X (sky130_fd_sc_hd__buf_6)
    10    0.06                           net65 (net)
                  0.19    0.00    2.41 ^ load_slew90/A (sky130_fd_sc_hd__buf_12)
                  0.82    0.73    3.14 ^ load_slew90/X (sky130_fd_sc_hd__buf_12)
   156    0.47                           net90 (net)
                  0.82    0.01    3.15 ^ load_slew89/A (sky130_fd_sc_hd__buf_12)
                  0.80    0.90    4.05 ^ load_slew89/X (sky130_fd_sc_hd__buf_12)
   152    0.46                           net89 (net)
                  0.81    0.08    4.13 ^ _1842_/RESET_B (sky130_fd_sc_hd__dfrtp_2)
                                  4.13   data arrival time

                  0.00   10.00   10.00   clock clk (rise edge)
                          0.00   10.00   clock network delay (ideal)
                          0.00   10.00   clock reconvergence pessimism
                                 10.00 ^ _1842_/CLK (sky130_fd_sc_hd__dfrtp_2)
                          0.10   10.10   library recovery time
                                 10.10   data required time
-----------------------------------------------------------------------------
                                 10.10   data required time
                                 -4.13   data arrival time
-----------------------------------------------------------------------------
                                  5.98   slack (MET)


Startpoint: _2014_ (rising edge-triggered flip-flop clocked by clk)
Endpoint: _2023_ (rising edge-triggered flip-flop clocked by clk)
Path Group: clk
Path Type: max
Corner: Slowest

Fanout     Cap    Slew   Delay    Time   Description
-----------------------------------------------------------------------------
                  0.00    0.00    0.00   clock clk (rise edge)
                          0.00    0.00   clock network delay (ideal)
                  0.00    0.00    0.00 ^ _2014_/CLK (sky130_fd_sc_hd__dfrtp_1)
                  0.16    0.80    0.80 v _2014_/Q (sky130_fd_sc_hd__dfrtp_1)
     2    0.01                           u_monitor.group_s2[0][1] (net)
                  0.16    0.00    0.80 v _1366_/A (sky130_fd_sc_hd__xor2_2)
                  0.14    0.38    1.18 v _1366_/X (sky130_fd_sc_hd__xor2_2)
     2    0.01                           _0364_ (net)
                  0.14    0.00    1.18 v _1368_/A3 (sky130_fd_sc_hd__a31oi_2)
                  0.30    0.40    1.58 ^ _1368_/Y (sky130_fd_sc_hd__a31oi_2)
     2    0.01                           _0366_ (net)
                  0.30    0.00    1.58 ^ _1372_/A (sky130_fd_sc_hd__xnor2_1)
                  0.13    0.24    1.83 v _1372_/Y (sky130_fd_sc_hd__xnor2_1)
     2    0.00                           _0370_ (net)
                  0.13    0.00    1.83 v _1373_/B (sky130_fd_sc_hd__or2_1)
                  0.09    0.46    2.29 v _1373_/X (sky130_fd_sc_hd__or2_1)
     1    0.00                           _0371_ (net)
                  0.09    0.00    2.29 v _1375_/A (sky130_fd_sc_hd__and2_1)
                  0.11    0.33    2.62 v _1375_/X (sky130_fd_sc_hd__and2_1)
     2    0.01                           _0373_ (net)
                  0.11    0.00    2.62 v _1376_/B (sky130_fd_sc_hd__xnor2_1)
                  0.34    0.35    2.97 ^ _1376_/Y (sky130_fd_sc_hd__xnor2_1)
     2    0.01                           _0374_ (net)
                  0.34    0.00    2.97 ^ _1381_/A (sky130_fd_sc_hd__xor2_1)
                  0.33    0.43    3.40 ^ _1381_/X (sky130_fd_sc_hd__xor2_1)
     2    0.01                           _0379_ (net)
                  0.33    0.00    3.40 ^ _1382_/B (sky130_fd_sc_hd__xor2_1)
                  0.32    0.43    3.84 ^ _1382_/X (sky130_fd_sc_hd__xor2_1)
     2    0.01                           _0380_ (net)
                  0.32    0.00    3.84 ^ _1426_/B_N (sky130_fd_sc_hd__or2b_1)
                  0.08    0.56    4.39 v _1426_/X (sky130_fd_sc_hd__or2b_1)
     1    0.00                           _0423_ (net)
                  0.08    0.00    4.39 v _1427_/B1_N (sky130_fd_sc_hd__a21bo_1)
                  0.18    0.43    4.82 ^ _1427_/X (sky130_fd_sc_hd__a21bo_1)
     2    0.01                           _0424_ (net)
                  0.18    0.00    4.82 ^ _1428_/B (sky130_fd_sc_hd__xnor2_2)
                  0.31    0.28    5.10 ^ _1428_/Y (sky130_fd_sc_hd__xnor2_2)
     2    0.01                           _0425_ (net)
                  0.31    0.00    5.10 ^ _1429_/B (sky130_fd_sc_hd__xnor2_2)
                  0.33    0.33    5.43 ^ _1429_/Y (sky130_fd_sc_hd__xnor2_2)
     2    0.01                           _0426_ (net)
                  0.33    0.00    5.43 ^ _1455_/A_N (sky130_fd_sc_hd__and2b_1)
                  0.05    0.43    5.86 v _1455_/X (sky130_fd_sc_hd__and2b_1)
     1    0.00                           _0451_ (net)
                  0.05    0.00    5.86 v _1456_/B1_N (sky130_fd_sc_hd__o21bai_2)
                  0.18    0.46    6.32 v _1456_/Y (sky130_fd_sc_hd__o21bai_2)
     3    0.01                           _0452_ (net)
                  0.18    0.00    6.32 v _1469_/A2 (sky130_fd_sc_hd__a311o_1)
                  0.09    0.62    6.94 v _1469_/X (sky130_fd_sc_hd__a311o_1)
     1    0.00                           _0198_ (net)
                  0.09    0.00    6.94 v _2023_/D (sky130_fd_sc_hd__dfrtp_1)
                                  6.94   data arrival time

                  0.00   10.00   10.00   clock clk (rise edge)
                          0.00   10.00   clock network delay (ideal)
                          0.00   10.00   clock reconvergence pessimism
                                 10.00 ^ _2023_/CLK (sky130_fd_sc_hd__dfrtp_1)
                         -0.30    9.70   library setup time
                                  9.70   data required time
-----------------------------------------------------------------------------
                                  9.70   data required time
                                 -6.94   data arrival time
-----------------------------------------------------------------------------
                                  2.75   slack (MET)



======================= Typical Corner ===================================

Startpoint: rst_n (input port clocked by clk)
Endpoint: _1842_ (recovery check against rising-edge clock clk)
Path Group: asynchronous
Path Type: max
Corner: Typical

Fanout     Cap    Slew   Delay    Time   Description
-----------------------------------------------------------------------------
                  0.00    0.00    0.00   clock clk (rise edge)
                          0.00    0.00   clock network delay (ideal)
                          0.00    0.00 ^ input external delay
                  0.00    0.00    0.00 ^ rst_n (in)
     2    0.01                           rst_n (net)
                  0.00    0.00    0.00 ^ hold3/A (sky130_fd_sc_hd__dlygate4sd3_1)
                  0.06    0.53    0.53 ^ hold3/X (sky130_fd_sc_hd__dlygate4sd3_1)
     1    0.00                           net95 (net)
                  0.06    0.00    0.53 ^ hold1/A (sky130_fd_sc_hd__dlygate4sd3_1)
                  0.07    0.56    1.09 ^ hold1/X (sky130_fd_sc_hd__dlygate4sd3_1)
     1    0.01                           net93 (net)
                  0.07    0.00    1.09 ^ input65/A (sky130_fd_sc_hd__buf_6)
                  0.12    0.17    1.25 ^ input65/X (sky130_fd_sc_hd__buf_6)
    10    0.06                           net65 (net)
                  0.12    0.00    1.26 ^ load_slew90/A (sky130_fd_sc_hd__buf_12)
                  0.55    0.43    1.69 ^ load_slew90/X (sky130_fd_sc_hd__buf_12)
   156    0.49                           net90 (net)
                  0.55    0.01    1.70 ^ load_slew89/A (sky130_fd_sc_hd__buf_12)
                  0.53    0.48    2.18 ^ load_slew89/X (sky130_fd_sc_hd__buf_12)
   152    0.48                           net89 (net)
                  0.55    0.08    2.26 ^ _1842_/RESET_B (sky130_fd_sc_hd__dfrtp_2)
                                  2.26   data arrival time

                  0.00   10.00   10.00   clock clk (rise edge)
                          0.00   10.00   clock network delay (ideal)
                          0.00   10.00   clock reconvergence pessimism
                                 10.00 ^ _1842_/CLK (sky130_fd_sc_hd__dfrtp_2)
                          0.05   10.05   library recovery time
                                 10.05   data required time
-----------------------------------------------------------------------------
                                 10.05   data required time
                                 -2.26   data arrival time
-----------------------------------------------------------------------------
                                  7.79   slack (MET)


Startpoint: _2014_ (rising edge-triggered flip-flop clocked by clk)
Endpoint: _2023_ (rising edge-triggered flip-flop clocked by clk)
Path Group: clk
Path Type: max
Corner: Typical

Fanout     Cap    Slew   Delay    Time   Description
-----------------------------------------------------------------------------
                  0.00    0.00    0.00   clock clk (rise edge)
                          0.00    0.00   clock network delay (ideal)
                  0.00    0.00    0.00 ^ _2014_/CLK (sky130_fd_sc_hd__dfrtp_1)
                  0.08    0.39    0.39 v _2014_/Q (sky130_fd_sc_hd__dfrtp_1)
     2    0.01                           u_monitor.group_s2[0][1] (net)
                  0.08    0.00    0.39 v _1366_/A (sky130_fd_sc_hd__xor2_2)
                  0.07    0.20    0.59 v _1366_/X (sky130_fd_sc_hd__xor2_2)
     2    0.01                           _0364_ (net)
                  0.07    0.00    0.59 v _1368_/A3 (sky130_fd_sc_hd__a31oi_2)
                  0.20    0.24    0.83 ^ _1368_/Y (sky130_fd_sc_hd__a31oi_2)
     2    0.01                           _0366_ (net)
                  0.20    0.00    0.83 ^ _1415_/A1 (sky130_fd_sc_hd__o21ba_1)
                  0.15    0.24    1.07 ^ _1415_/X (sky130_fd_sc_hd__o21ba_1)
     2    0.01                           _0412_ (net)
                  0.15    0.00    1.07 ^ _1416_/B (sky130_fd_sc_hd__xor2_2)
                  0.19    0.21    1.28 ^ _1416_/X (sky130_fd_sc_hd__xor2_2)
     2    0.01                           _0413_ (net)
                  0.19    0.00    1.28 ^ _1417_/B (sky130_fd_sc_hd__xor2_2)
                  0.18    0.21    1.49 ^ _1417_/X (sky130_fd_sc_hd__xor2_2)
     2    0.01                           _0414_ (net)
                  0.18    0.00    1.49 ^ _1418_/B (sky130_fd_sc_hd__xnor2_2)
                  0.20    0.16    1.65 ^ _1418_/Y (sky130_fd_sc_hd__xnor2_2)
     2    0.01                           _0415_ (net)
                  0.20    0.00    1.65 ^ _1420_/A (sky130_fd_sc_hd__xor2_2)
                  0.19    0.22    1.87 ^ _1420_/X (sky130_fd_sc_hd__xor2_2)
     2    0.01                           _0417_ (net)
                  0.19    0.00    1.87 ^ _1421_/B (sky130_fd_sc_hd__xor2_2)
                  0.18    0.21    2.08 ^ _1421_/X (sky130_fd_sc_hd__xor2_2)
     2    0.01                           _0418_ (net)
                  0.18    0.00    2.08 ^ _1424_/A (sky130_fd_sc_hd__xnor2_2)
                  0.08    0.12    2.20 v _1424_/Y (sky130_fd_sc_hd__xnor2_2)
     2    0.01                           _0421_ (net)
                  0.08    0.00    2.20 v _1425_/B (sky130_fd_sc_hd__xnor2_2)
                  0.07    0.16    2.36 v _1425_/Y (sky130_fd_sc_hd__xnor2_2)
     2    0.01                           _0422_ (net)
                  0.07    0.00    2.36 v _1428_/A (sky130_fd_sc_hd__xnor2_2)
                  0.20    0.22    2.58 ^ _1428_/Y (sky130_fd_sc_hd__xnor2_2)
     2    0.01                           _0425_ (net)
                  0.20    0.00    2.58 ^ _1429_/B (sky130_fd_sc_hd__xnor2_2)
                  0.21    0.17    2.75 ^ _1429_/Y (sky130_fd_sc_hd__xnor2_2)
     2    0.01                           _0426_ (net)
                  0.21    0.00    2.75 ^ _1455_/A_N (sky130_fd_sc_hd__and2b_1)
                  0.03    0.20    2.95 v _1455_/X (sky130_fd_sc_hd__and2b_1)
     1    0.00                           _0451_ (net)
                  0.03    0.00    2.95 v _1456_/B1_N (sky130_fd_sc_hd__o21bai_2)
                  0.09    0.21    3.16 v _1456_/Y (sky130_fd_sc_hd__o21bai_2)
     3    0.01                           _0452_ (net)
                  0.09    0.00    3.16 v _1469_/A2 (sky130_fd_sc_hd__a311o_1)
                  0.05    0.32    3.48 v _1469_/X (sky130_fd_sc_hd__a311o_1)
     1    0.00                           _0198_ (net)
                  0.05    0.00    3.48 v _2023_/D (sky130_fd_sc_hd__dfrtp_1)
                                  3.48   data arrival time

                  0.00   10.00   10.00   clock clk (rise edge)
                          0.00   10.00   clock network delay (ideal)
                          0.00   10.00   clock reconvergence pessimism
                                 10.00 ^ _2023_/CLK (sky130_fd_sc_hd__dfrtp_1)
                         -0.13    9.87   library setup time
                                  9.87   data required time
-----------------------------------------------------------------------------
                                  9.87   data required time
                                 -3.48   data arrival time
-----------------------------------------------------------------------------
                                  6.39   slack (MET)




===========================================================================
report_checks --slack_max -0.01
============================================================================
======================= Fastest Corner ===================================

No paths found.

======================= Slowest Corner ===================================

No paths found.

======================= Typical Corner ===================================

No paths found.


===========================================================================
 report_check_types -max_slew -max_cap -max_fanout -violators
============================================================================
======================= Fastest Corner ===================================


max slew violations count Fastest: 0
max fanout violations count Fastest: 0
max cap violations count Fastest: 0
======================= Slowest Corner ===================================


max slew violations count Slowest: 0
max fanout violations count Slowest: 0
max cap violations count Slowest: 0
======================= Typical Corner ===================================


max slew violations count Typical: 0
max fanout violations count Typical: 0
max cap violations count Typical: 0

===========================================================================
report_parasitic_annotation -report_unannotated
============================================================================
Found 1 unannotated drivers.
 predictive_top_92/LO
Found 0 partially unannotated drivers.

===========================================================================
max slew violation count 0
max fanout violation count 0
max cap violation count 0
============================================================================

===========================================================================
check_setup -verbose -unconstrained_endpoints -multiple_clock -no_clock -no_input_delay -loops -generated_clocks
===========================================================================
